<?xml version="1.0" encoding="UTF-8"?>
<!-- Generated by org.testng.reporters.JUnitReportReporter -->
<testsuite hostname="apples-MacBook-Pro.local" failures="0" tests="1" name="com.dotcom.testcases.SingIn" time="93.106" errors="0" timestamp="2020-06-16T13:44:54 IST" skipped="0">
  <testcase classname="com.dotcom.testcases.SingIn" name="SignIn" time="93.106"/>
  <system-out/>
</testsuite> <!-- com.dotcom.testcases.SingIn -->
